MapBoxTurnByTurnNavigation/app/build/intermediates/manifest_merge_blame_file/debug/manifest-merger-blame-debug-report.txt
1<?xml version="1.0" encoding="utf-8"?>
2<manifest xmlns:android="http://schemas.android.com/apk/res/android"
3    package="com.mapboxturnbyturnnavigation"
4    android:versionCode="1"
5    android:versionName="1.0" >
6
7    <uses-sdk
8        android:minSdkVersion="21"
8-->src\main\AndroidManifest.xml
9        android:targetSdkVersion="31" />
9-->src\main\AndroidManifest.xml
10
11    <uses-permission android:name="android.permission.ACCESS_FINE_LOCATION" />
11-->src\main\AndroidManifest.xml:5:5-79
11-->src\main\AndroidManifest.xml:5:22-76
12    <uses-permission android:name="android.permission.ACCESS_COARSE_LOCATION" />
12-->[com.mapbox.navigation:core:2.1.2] AndroidManifest.xml:10:5-81
12-->[com.mapbox.navigation:core:2.1.2] AndroidManifest.xml:10:22-78
13    <uses-permission android:name="android.permission.FOREGROUND_SERVICE" />
13-->[com.mapbox.navigation:core:2.1.2] AndroidManifest.xml:12:5-77
13-->[com.mapbox.navigation:core:2.1.2] AndroidManifest.xml:12:22-74
14    <uses-permission android:name="android.permission.ACCESS_NETWORK_STATE" />
14-->[com.mapbox.navigation:utils:2.1.2] AndroidManifest.xml:9:5-79
14-->[com.mapbox.navigation:utils:2.1.2] AndroidManifest.xml:9:22-76
15    <uses-permission android:name="android.permission.CHANGE_NETWORK_STATE" />
15-->[com.mapbox.navigator:mapbox-navigation-native:79.0.4] AndroidManifest.xml:10:5-79
15-->[com.mapbox.navigator:mapbox-navigation-native:79.0.4] AndroidManifest.xml:10:22-76
16
17    <uses-feature
17-->[com.mapbox.maps:android-core:10.0.0] AndroidManifest.xml:9:5-11:35
18        android:glEsVersion="0x00020000"
18-->[com.mapbox.maps:android-core:10.0.0] AndroidManifest.xml:10:9-41
19        android:required="true" />
19-->[com.mapbox.maps:android-core:10.0.0] AndroidManifest.xml:11:9-32
20    <uses-feature
20-->[com.mapbox.maps:android-core:10.0.0] AndroidManifest.xml:12:5-14:36
21        android:name="android.hardware.wifi"
21-->[com.mapbox.maps:android-core:10.0.0] AndroidManifest.xml:13:9-45
22        android:required="false" /> <!-- Implied by ACCESS_WIFI_STATE. -->
22-->[com.mapbox.maps:android-core:10.0.0] AndroidManifest.xml:14:9-33
23    <uses-permission android:name="android.permission.INTERNET" />
23-->[com.mapbox.maps:android-core:10.0.0] AndroidManifest.xml:16:5-67
23-->[com.mapbox.maps:android-core:10.0.0] AndroidManifest.xml:16:22-64
24    <uses-permission android:name="android.permission.ACCESS_WIFI_STATE" /> <!-- Required for CrashReporterJobIntentService on API levels below 25 -->
24-->[com.mapbox.maps:android-core:10.0.0] AndroidManifest.xml:18:5-76
24-->[com.mapbox.maps:android-core:10.0.0] AndroidManifest.xml:18:22-73
25    <uses-permission android:name="android.permission.WAKE_LOCK" />
25-->[com.mapbox.mapboxsdk:mapbox-android-telemetry:8.1.0] AndroidManifest.xml:12:5-68
25-->[com.mapbox.mapboxsdk:mapbox-android-telemetry:8.1.0] AndroidManifest.xml:12:22-65
26    <uses-permission
26-->[com.mapbox.mapboxsdk:mapbox-android-telemetry:8.1.0] AndroidManifest.xml:16:5-18:38
27        android:name="android.permission.GET_TASKS"
27-->[com.mapbox.mapboxsdk:mapbox-android-telemetry:8.1.0] AndroidManifest.xml:17:9-52
28        android:maxSdkVersion="20" />
28-->[com.mapbox.mapboxsdk:mapbox-android-telemetry:8.1.0] AndroidManifest.xml:18:9-35
29
30    <application
30-->src\main\AndroidManifest.xml:7:5-25:19
31        android:allowBackup="true"
31-->src\main\AndroidManifest.xml:8:9-35
32        android:appComponentFactory="androidx.core.app.CoreComponentFactory"
32-->[androidx.core:core:1.7.0] AndroidManifest.xml:24:18-86
33        android:debuggable="true"
34        android:icon="@mipmap/ic_launcher"
34-->src\main\AndroidManifest.xml:9:9-43
35        android:label="@string/app_name"
35-->src\main\AndroidManifest.xml:10:9-41
36        android:roundIcon="@mipmap/ic_launcher_round"
36-->src\main\AndroidManifest.xml:11:9-54
37        android:supportsRtl="true"
37-->src\main\AndroidManifest.xml:12:9-35
38        android:testOnly="true"
39        android:theme="@style/Theme.MapBoxTurnByTurnNavigation" >
39-->src\main\AndroidManifest.xml:13:9-64
40        <activity
40-->src\main\AndroidManifest.xml:14:9-24:20
41            android:name="com.mapboxturnbyturnnavigation.TurnByTurnNavigationActivity"
41-->src\main\AndroidManifest.xml:15:13-57
42            android:configChanges="orientation"
42-->src\main\AndroidManifest.xml:16:13-48
43            android:exported="true"
43-->src\main\AndroidManifest.xml:17:13-36
44            android:screenOrientation="portrait" >
44-->src\main\AndroidManifest.xml:18:13-49
45            <intent-filter>
45-->src\main\AndroidManifest.xml:19:13-23:29
46                <action android:name="android.intent.action.MAIN" />
46-->src\main\AndroidManifest.xml:20:17-69
46-->src\main\AndroidManifest.xml:20:25-66
47
48                <category android:name="android.intent.category.LAUNCHER" />
48-->src\main\AndroidManifest.xml:22:17-77
48-->src\main\AndroidManifest.xml:22:27-74
49            </intent-filter>
50        </activity>
51
52        <provider
52-->[com.mapbox.navigation:core:2.1.2] AndroidManifest.xml:15:9-23:20
53            android:name="androidx.startup.InitializationProvider"
53-->[com.mapbox.navigation:core:2.1.2] AndroidManifest.xml:16:13-67
54            android:authorities="com.mapboxturnbyturnnavigation.androidx-startup"
54-->[com.mapbox.navigation:core:2.1.2] AndroidManifest.xml:17:13-68
55            android:exported="false" >
55-->[com.mapbox.navigation:core:2.1.2] AndroidManifest.xml:18:13-37
56            <meta-data
56-->[com.mapbox.navigation:core:2.1.2] AndroidManifest.xml:20:13-22:52
57                android:name="com.mapbox.navigation.core.internal.MapboxNavigationSDKInitializer"
57-->[com.mapbox.navigation:core:2.1.2] AndroidManifest.xml:21:17-98
58                android:value="androidx.startup" />
58-->[com.mapbox.navigation:core:2.1.2] AndroidManifest.xml:22:17-49
59            <!-- This entry makes MapboxNavigationNativeInitializer discoverable. -->
60            <meta-data
60-->[com.mapbox.navigator:mapbox-navigation-native:79.0.4] AndroidManifest.xml:20:13-22:52
61                android:name="com.mapbox.navigator.MapboxNavigationNativeInitializer"
61-->[com.mapbox.navigator:mapbox-navigation-native:79.0.4] AndroidManifest.xml:21:17-86
62                android:value="androidx.startup" /> <!-- This entry makes MapboxSDKCommonInitializer discoverable. -->
62-->[com.mapbox.navigator:mapbox-navigation-native:79.0.4] AndroidManifest.xml:22:17-49
63            <meta-data
63-->[com.mapbox.common:common:20.0.3] AndroidManifest.xml:20:13-22:52
64                android:name="com.mapbox.common.MapboxSDKCommonInitializer"
64-->[com.mapbox.common:common:20.0.3] AndroidManifest.xml:21:17-76
65                android:value="androidx.startup" />
65-->[com.mapbox.common:common:20.0.3] AndroidManifest.xml:22:17-49
66            <meta-data
66-->[androidx.emoji2:emoji2:1.0.0] AndroidManifest.xml:31:13-33:52
67                android:name="androidx.emoji2.text.EmojiCompatInitializer"
67-->[androidx.emoji2:emoji2:1.0.0] AndroidManifest.xml:32:17-75
68                android:value="androidx.startup" />
68-->[androidx.emoji2:emoji2:1.0.0] AndroidManifest.xml:33:17-49
69            <meta-data
69-->[androidx.lifecycle:lifecycle-process:2.4.0] AndroidManifest.xml:31:13-33:52
70                android:name="androidx.lifecycle.ProcessLifecycleInitializer"
70-->[androidx.lifecycle:lifecycle-process:2.4.0] AndroidManifest.xml:32:17-78
71                android:value="androidx.startup" />
71-->[androidx.lifecycle:lifecycle-process:2.4.0] AndroidManifest.xml:33:17-49
72        </provider>
73
74        <service
74-->[com.mapbox.navigation:core:2.1.2] AndroidManifest.xml:25:9-27:56
75            android:name="com.mapbox.navigation.core.trip.service.NavigationNotificationService"
75-->[com.mapbox.navigation:core:2.1.2] AndroidManifest.xml:26:13-97
76            android:foregroundServiceType="location" />
76-->[com.mapbox.navigation:core:2.1.2] AndroidManifest.xml:27:13-53
77
78        <meta-data
78-->[com.mapbox.navigation:core:2.1.2] AndroidManifest.xml:29:9-31:37
79            android:name="com.mapbox.ManageSkuToken"
79-->[com.mapbox.navigation:core:2.1.2] AndroidManifest.xml:30:13-53
80            android:value="false" />
80-->[com.mapbox.navigation:core:2.1.2] AndroidManifest.xml:31:13-34
81
82        <provider
82-->[com.mapbox.mapboxsdk:mapbox-android-telemetry:8.1.0] AndroidManifest.xml:21:9-25:39
83            android:name="com.mapbox.android.telemetry.provider.MapboxTelemetryInitProvider"
83-->[com.mapbox.mapboxsdk:mapbox-android-telemetry:8.1.0] AndroidManifest.xml:22:13-93
84            android:authorities="com.mapboxturnbyturnnavigation.mapboxtelemetryinitprovider"
84-->[com.mapbox.mapboxsdk:mapbox-android-telemetry:8.1.0] AndroidManifest.xml:23:13-79
85            android:exported="false"
85-->[com.mapbox.mapboxsdk:mapbox-android-telemetry:8.1.0] AndroidManifest.xml:24:13-37
86            android:initOrder="100" />
86-->[com.mapbox.mapboxsdk:mapbox-android-telemetry:8.1.0] AndroidManifest.xml:25:13-36
87
88        <service
88-->[com.mapbox.mapboxsdk:mapbox-android-telemetry:8.1.0] AndroidManifest.xml:27:9-30:72
89            android:name="com.mapbox.android.telemetry.errors.ErrorReporterJobIntentService"
89-->[com.mapbox.mapboxsdk:mapbox-android-telemetry:8.1.0] AndroidManifest.xml:28:13-93
90            android:exported="false"
90-->[com.mapbox.mapboxsdk:mapbox-android-telemetry:8.1.0] AndroidManifest.xml:29:13-37
91            android:permission="android.permission.BIND_JOB_SERVICE" />
91-->[com.mapbox.mapboxsdk:mapbox-android-telemetry:8.1.0] AndroidManifest.xml:30:13-69
92        <service
92-->[com.mapbox.mapboxsdk:mapbox-android-telemetry:8.1.0] AndroidManifest.xml:31:9-33:40
93            android:name="com.mapbox.android.telemetry.MapboxTelemetryService"
93-->[com.mapbox.mapboxsdk:mapbox-android-telemetry:8.1.0] AndroidManifest.xml:32:13-79
94            android:exported="false" />
94-->[com.mapbox.mapboxsdk:mapbox-android-telemetry:8.1.0] AndroidManifest.xml:33:13-37
95    </application>
96
97</manifest>